<?xml version="1.0" encoding="UTF-8"?>
<!-- Generated by org.testng.reporters.JUnitReportReporter -->
<testsuite skipped="0" hostname="SHALINI" name="com.cname.TestScenarios.applicationName.Test1" tests="1" failures="0" timestamp="05 Mar 2018 04:27:38 GMT" time="12.263" errors="0">
  <testcase name="test1" time="12.263" classname="com.cname.TestScenarios.applicationName.Test1"/>
</testsuite> <!-- com.cname.TestScenarios.applicationName.Test1 -->
