<?xml version="1.0" encoding="UTF-8"?>
<!-- Generated by org.testng.reporters.JUnitReportReporter -->
<testsuite skipped="0" hostname="SHALINI" name="com.cname.TestScenarios.applicationName.Test1" tests="1" failures="0" timestamp="02 Mar 2018 20:48:43 GMT" time="29.600" errors="0">
  <testcase name="test1" time="29.600" classname="com.cname.TestScenarios.applicationName.Test1"/>
</testsuite> <!-- com.cname.TestScenarios.applicationName.Test1 -->
